<?xml version="1.0" encoding="UTF-8"?>
<!-- Generated by org.testng.reporters.JUnitReportReporter -->
<testsuite hostname="LAPTOP-EN5DMAO7" failures="0" tests="2" name="test_package.TestClass" time="6.809" errors="0" timestamp="2024-04-02T12:52:46 IST" skipped="0">
  <testcase classname="test_package.TestClass" name="verifyLogin" time="6.625"/>
  <system-out/>
  <testcase classname="test_package.TestClass" name="addVerifyItemInCart" time="0.184"/>
  <system-out/>
</testsuite> <!-- test_package.TestClass -->
