<?xml version="1.0" encoding="UTF-8"?>
<!-- Generated by org.testng.reporters.JUnitReportReporter -->
<testsuite hostname="LAPTOP-EN5DMAO7" failures="0" tests="1" name="test_package.test_class" time="6.704" errors="0" timestamp="2024-04-02T12:15:53 IST" skipped="0">
  <testcase classname="test_package.test_class" name="test" time="6.704"/>
  <system-out/>
</testsuite> <!-- test_package.test_class -->
